-------------------------------------------------------------------------------
Test set: com.example.vaadinspringbootdemo.VaadinSpringBootDemoApplicationTests
-------------------------------------------------------------------------------
Tests run: 1, Failures: 0, Errors: 1, Skipped: 0, Time elapsed: 0.543 s <<< FAILURE! - in com.example.vaadinspringbootdemo.VaadinSpringBootDemoApplicationTests
initializationError(com.example.vaadinspringbootdemo.VaadinSpringBootDemoApplicationTests)  Time elapsed: 0.008 s  <<< ERROR!
java.lang.IllegalStateException: Unable to find a @SpringBootConfiguration, you need to use @ContextConfiguration or @SpringBootTest(classes=...) with your test

